<?xml version="1.0" encoding="UTF-8"?>
<!-- Generated by org.testng.reporters.JUnitReportReporter -->
<testsuite hostname="Rajas-MacBook-Air.local" name="com.cashkaro.sample.driverScript.driverScript" tests="1" failures="0" timestamp="9 Jan 2019 21:23:19 GMT" time="25.605" errors="0">
  <testcase name="searchBook" time="25.605" classname="com.cashkaro.sample.driverScript.driverScript"/>
</testsuite> <!-- com.cashkaro.sample.driverScript.driverScript -->
